[2025-11-11 22:28:42] usId=2001 ex=SMTP Error: Could not authenticate.
SMTP:


[2025-11-11 22:30:31] usId=2001 ex=SMTP Error: Could not authenticate.
SMTP:


[2025-11-11 22:31:43] usId=2001 ex=SMTP Error: Could not authenticate.
SMTP:


[2025-11-11 22:41:32] usId=2001 ex=SMTP Error: Could not authenticate.
SMTP:
SERVER -> CLIENT: 220 smtp.gmail.com ESMTP 46e09a7af769-7c6f10f7ab4sm7499966a34.22 - gsmtp

CLIENT -> SERVER: EHLO localhost

SERVER -> CLIENT: 250-smtp.gmail.com at your service, [189.217.217.229]
250-SIZE 35882577
250-8BITMIME
250-STARTTLS
250-ENHANCEDSTATUSCODES
250-PIPELINING
250-CHUNKING
250 SMTPUTF8

CLIENT -> SERVER: STARTTLS

SERVER -> CLIENT: 220 2.0.0 Ready to start TLS

CLIENT -> SERVER: EHLO localhost

SERVER -> CLIENT: 250-smtp.gmail.com at your service, [189.217.217.229]
250-SIZE 35882577
250-8BITMIME
250-AUTH LOGIN PLAIN XOAUTH2 PLAIN-CLIENTTOKEN OAUTHBEARER XOAUTH
250-ENHANCEDSTATUSCODES
250-PIPELINING
250-CHUNKING
250 SMTPUTF8

CLIENT -> SERVER: AUTH LOGIN

SERVER -> CLIENT: 334 VXNlcm5hbWU6

CLIENT -> SERVER: [credentials hidden]
SERVER -> CLIENT: 334 UGFzc3dvcmQ6

CLIENT -> SERVER: [credentials hidden]
SERVER -> CLIENT: 535-5.7.8 Username and Password not accepted. For more information, go to
535 5.7.8  https://support.google.com/mail/?p=BadCredentials 46e09a7af769-7c6f10f7ab4sm7499966a34.22 - gsmtp

SMTP ERROR: Password command failed: 535-5.7.8 Username and Password not accepted. For more information, go to
535 5.7.8  https://support.google.com/mail/?p=BadCredentials 46e09a7af769-7c6f10f7ab4sm7499966a34.22 - gsmtp

SMTP Error: Could not authenticate.
CLIENT -> SERVER: QUIT

SERVER -> CLIENT: 221 2.0.0 closing connection 46e09a7af769-7c6f10f7ab4sm7499966a34.22 - gsmtp

SMTP Error: Could not authenticate.


[2025-11-11 22:44:50] usId=2001 ex=SMTP Error: Could not authenticate.
SMTP:
SERVER -> CLIENT: 220 smtp.gmail.com ESMTP 006d021491bc7-656ca847a9asm6704434eaf.12 - gsmtp

CLIENT -> SERVER: EHLO localhost

SERVER -> CLIENT: 250-smtp.gmail.com at your service, [189.217.217.229]
250-SIZE 35882577
250-8BITMIME
250-STARTTLS
250-ENHANCEDSTATUSCODES
250-PIPELINING
250-CHUNKING
250 SMTPUTF8

CLIENT -> SERVER: STARTTLS

SERVER -> CLIENT: 220 2.0.0 Ready to start TLS

CLIENT -> SERVER: EHLO localhost

SERVER -> CLIENT: 250-smtp.gmail.com at your service, [189.217.217.229]
250-SIZE 35882577
250-8BITMIME
250-AUTH LOGIN PLAIN XOAUTH2 PLAIN-CLIENTTOKEN OAUTHBEARER XOAUTH
250-ENHANCEDSTATUSCODES
250-PIPELINING
250-CHUNKING
250 SMTPUTF8

CLIENT -> SERVER: AUTH LOGIN

SERVER -> CLIENT: 334 VXNlcm5hbWU6

CLIENT -> SERVER: [credentials hidden]
SERVER -> CLIENT: 334 UGFzc3dvcmQ6

CLIENT -> SERVER: [credentials hidden]
SERVER -> CLIENT: 535-5.7.8 Username and Password not accepted. For more information, go to
535 5.7.8  https://support.google.com/mail/?p=BadCredentials 006d021491bc7-656ca847a9asm6704434eaf.12 - gsmtp

SMTP ERROR: Password command failed: 535-5.7.8 Username and Password not accepted. For more information, go to
535 5.7.8  https://support.google.com/mail/?p=BadCredentials 006d021491bc7-656ca847a9asm6704434eaf.12 - gsmtp

SMTP Error: Could not authenticate.
CLIENT -> SERVER: QUIT

SERVER -> CLIENT: 221 2.0.0 closing connection 006d021491bc7-656ca847a9asm6704434eaf.12 - gsmtp

SMTP Error: Could not authenticate.


[2025-11-11 22:51:23] usId=2001 ex=SMTP Error: Could not authenticate.
SMTP:
SERVER -> CLIENT: 220 smtp.gmail.com ESMTP 006d021491bc7-656c5713288sm7566612eaf.5 - gsmtp

CLIENT -> SERVER: EHLO localhost

SERVER -> CLIENT: 250-smtp.gmail.com at your service, [189.217.217.229]
250-SIZE 35882577
250-8BITMIME
250-STARTTLS
250-ENHANCEDSTATUSCODES
250-PIPELINING
250-CHUNKING
250 SMTPUTF8

CLIENT -> SERVER: STARTTLS

SERVER -> CLIENT: 220 2.0.0 Ready to start TLS

CLIENT -> SERVER: EHLO localhost

SERVER -> CLIENT: 250-smtp.gmail.com at your service, [189.217.217.229]
250-SIZE 35882577
250-8BITMIME
250-AUTH LOGIN PLAIN XOAUTH2 PLAIN-CLIENTTOKEN OAUTHBEARER XOAUTH
250-ENHANCEDSTATUSCODES
250-PIPELINING
250-CHUNKING
250 SMTPUTF8

CLIENT -> SERVER: AUTH LOGIN

SERVER -> CLIENT: 334 VXNlcm5hbWU6

CLIENT -> SERVER: [credentials hidden]
SERVER -> CLIENT: 334 UGFzc3dvcmQ6

CLIENT -> SERVER: [credentials hidden]
SERVER -> CLIENT: 535-5.7.8 Username and Password not accepted. For more information, go to
535 5.7.8  https://support.google.com/mail/?p=BadCredentials 006d021491bc7-656c5713288sm7566612eaf.5 - gsmtp

SMTP ERROR: Password command failed: 535-5.7.8 Username and Password not accepted. For more information, go to
535 5.7.8  https://support.google.com/mail/?p=BadCredentials 006d021491bc7-656c5713288sm7566612eaf.5 - gsmtp

SMTP Error: Could not authenticate.
CLIENT -> SERVER: QUIT

SERVER -> CLIENT: 221 2.0.0 closing connection 006d021491bc7-656c5713288sm7566612eaf.5 - gsmtp

SMTP Error: Could not authenticate.


[2025-11-11 22:52:36] usId=2001 ex=SMTP Error: Could not authenticate.
SMTP:
SERVER -> CLIENT: 220 smtp.gmail.com ESMTP 46e09a7af769-7c72e5d2336sm173001a34.20 - gsmtp

CLIENT -> SERVER: EHLO localhost

SERVER -> CLIENT: 250-smtp.gmail.com at your service, [189.217.217.229]
250-SIZE 35882577
250-8BITMIME
250-STARTTLS
250-ENHANCEDSTATUSCODES
250-PIPELINING
250-CHUNKING
250 SMTPUTF8

CLIENT -> SERVER: STARTTLS

SERVER -> CLIENT: 220 2.0.0 Ready to start TLS

CLIENT -> SERVER: EHLO localhost

SERVER -> CLIENT: 250-smtp.gmail.com at your service, [189.217.217.229]
250-SIZE 35882577
250-8BITMIME
250-AUTH LOGIN PLAIN XOAUTH2 PLAIN-CLIENTTOKEN OAUTHBEARER XOAUTH
250-ENHANCEDSTATUSCODES
250-PIPELINING
250-CHUNKING
250 SMTPUTF8

CLIENT -> SERVER: AUTH LOGIN

SERVER -> CLIENT: 334 VXNlcm5hbWU6

CLIENT -> SERVER: [credentials hidden]
SERVER -> CLIENT: 334 UGFzc3dvcmQ6

CLIENT -> SERVER: [credentials hidden]
SERVER -> CLIENT: 535-5.7.8 Username and Password not accepted. For more information, go to
535 5.7.8  https://support.google.com/mail/?p=BadCredentials 46e09a7af769-7c72e5d2336sm173001a34.20 - gsmtp

SMTP ERROR: Password command failed: 535-5.7.8 Username and Password not accepted. For more information, go to
535 5.7.8  https://support.google.com/mail/?p=BadCredentials 46e09a7af769-7c72e5d2336sm173001a34.20 - gsmtp

SMTP Error: Could not authenticate.
CLIENT -> SERVER: QUIT

SERVER -> CLIENT: 221 2.0.0 closing connection 46e09a7af769-7c72e5d2336sm173001a34.20 - gsmtp

SMTP Error: Could not authenticate.


[2025-11-11 22:58:03] usId=2001 ex=SMTP connect() failed. https://github.com/PHPMailer/PHPMailer/wiki/Troubleshooting
SMTP:
SERVER -> CLIENT: 
SMTP connect() failed. https://github.com/PHPMailer/PHPMailer/wiki/Troubleshooting


[2025-11-11 23:04:48] usId=2001 ex=SMTP connect() failed. https://github.com/PHPMailer/PHPMailer/wiki/Troubleshooting
SMTP:
SERVER -> CLIENT: 
SMTP connect() failed. https://github.com/PHPMailer/PHPMailer/wiki/Troubleshooting


